<?xml version="1.0" encoding="UTF-8"?>
<testsuite name="runner.runner" tests="0" skipped="0" failures="0" errors="0" timestamp="1970-01-01T00:00:00" hostname="LATAM-5J61GG3" time="0.0">
  <properties/>
  <system-out><![CDATA[]]></system-out>
  <system-err><![CDATA[mar. 04, 2024 5:34:32 P. M. io.cucumber.core.feature.GluePath warnWhenWellKnownProjectSourceDirectory
WARNING: Consider replacing glue path 'src/test/java/steps' with 'steps'.
'
The current glue path points to a source directory in your project. However cucumber looks for glue (i.e. step definitions) on the classpath. By using a package name you can avoid this ambiguity.
]]></system-err>
</testsuite>
