<?xml version="1.0" encoding="UTF-8"?>
<testsuite name="search criteria in Google" tests="1" skipped="0" failures="1" errors="0" timestamp="2024-03-04T22:34:32" hostname="LATAM-5J61GG3" time="0.055">
  <properties/>
  <testcase name="as a user I enter a search criteria in Google" classname="search criteria in Google" time="0.055">
    <failure message="io.cucumber.junit.UndefinedStepException: The step 'I am in the Google search page' and 3 other step(s) are undefined.&#10;You can implement these steps using the snippet(s) below:&#10;&#10;@Given(&quot;I am in the Google search page&quot;)&#10;public void i_am_in_the_google_search_page() {&#10;    // Write code here that turns the phrase above into concrete actions&#10;    throw new io.cucumber.java.PendingException();&#10;}&#10;@When(&quot;I enter a search criteria&quot;)&#10;public void i_enter_a_search_criteria() {&#10;    // Write code here that turns the phrase above into concrete actions&#10;    throw new io.cucumber.java.PendingException();&#10;}&#10;@When(&quot;click on the search button&quot;)&#10;public void click_on_the_search_button() {&#10;    // Write code here that turns the phrase above into concrete actions&#10;    throw new io.cucumber.java.PendingException();&#10;}&#10;@Then(&quot;the results match the criteria&quot;)&#10;public void the_results_match_the_criteria() {&#10;    // Write code here that turns the phrase above into concrete actions&#10;    throw new io.cucumber.java.PendingException();&#10;}&#10;" type="io.cucumber.junit.UndefinedStepException">io.cucumber.junit.UndefinedStepException: The step 'I am in the Google search page' and 3 other step(s) are undefined.
You can implement these steps using the snippet(s) below:

@Given(&quot;I am in the Google search page&quot;)
public void i_am_in_the_google_search_page() {
    // Write code here that turns the phrase above into concrete actions
    throw new io.cucumber.java.PendingException();
}
@When(&quot;I enter a search criteria&quot;)
public void i_enter_a_search_criteria() {
    // Write code here that turns the phrase above into concrete actions
    throw new io.cucumber.java.PendingException();
}
@When(&quot;click on the search button&quot;)
public void click_on_the_search_button() {
    // Write code here that turns the phrase above into concrete actions
    throw new io.cucumber.java.PendingException();
}
@Then(&quot;the results match the criteria&quot;)
public void the_results_match_the_criteria() {
    // Write code here that turns the phrase above into concrete actions
    throw new io.cucumber.java.PendingException();
}

</failure>
  </testcase>
  <system-out><![CDATA[]]></system-out>
  <system-err><![CDATA[]]></system-err>
</testsuite>
