<?xml version="1.0" encoding="UTF-8"?>
<testsuite name="Test different actions on a sandbox page" tests="2" skipped="0" failures="2" errors="0" timestamp="2024-03-07T14:14:37" hostname="LATAM-5J61GG3" time="0.006">
  <properties/>
  <testcase name="As a Test Engineer, I try out different actions on a sandbox page" classname="Test different actions on a sandbox page" time="0.003">
    <failure message="io.cucumber.junit.UndefinedStepException: The step 'I navigate to the sandbox page' and 1 other step(s) are undefined.&#10;You can implement these steps using the snippet(s) below:&#10;&#10;@Given(&quot;I navigate to the sandbox page&quot;)&#10;public void i_navigate_to_the_sandbox_page() {&#10;    // Write code here that turns the phrase above into concrete actions&#10;    throw new io.cucumber.java.PendingException();&#10;}&#10;@Given(&quot;select a value from the dropdown&quot;)&#10;public void select_a_value_from_the_dropdown() {&#10;    // Write code here that turns the phrase above into concrete actions&#10;    throw new io.cucumber.java.PendingException();&#10;}&#10;" type="io.cucumber.junit.UndefinedStepException">io.cucumber.junit.UndefinedStepException: The step 'I navigate to the sandbox page' and 1 other step(s) are undefined.
You can implement these steps using the snippet(s) below:

@Given(&quot;I navigate to the sandbox page&quot;)
public void i_navigate_to_the_sandbox_page() {
    // Write code here that turns the phrase above into concrete actions
    throw new io.cucumber.java.PendingException();
}
@Given(&quot;select a value from the dropdown&quot;)
public void select_a_value_from_the_dropdown() {
    // Write code here that turns the phrase above into concrete actions
    throw new io.cucumber.java.PendingException();
}

</failure>
  </testcase>
  <testcase name="As a Test Engineer, I want to retrieve the value of an static table" classname="Test different actions on a sandbox page" time="0.003">
    <failure message="io.cucumber.junit.UndefinedStepException: The step 'I navigate to the static table' and 1 other step(s) are undefined.&#10;You can implement these steps using the snippet(s) below:&#10;&#10;@Given(&quot;I navigate to the static table&quot;)&#10;public void i_navigate_to_the_static_table() {&#10;    // Write code here that turns the phrase above into concrete actions&#10;    throw new io.cucumber.java.PendingException();&#10;}&#10;@Then(&quot;I can return the value I wanted&quot;)&#10;public void i_can_return_the_value_i_wanted() {&#10;    // Write code here that turns the phrase above into concrete actions&#10;    throw new io.cucumber.java.PendingException();&#10;}&#10;" type="io.cucumber.junit.UndefinedStepException">io.cucumber.junit.UndefinedStepException: The step 'I navigate to the static table' and 1 other step(s) are undefined.
You can implement these steps using the snippet(s) below:

@Given(&quot;I navigate to the static table&quot;)
public void i_navigate_to_the_static_table() {
    // Write code here that turns the phrase above into concrete actions
    throw new io.cucumber.java.PendingException();
}
@Then(&quot;I can return the value I wanted&quot;)
public void i_can_return_the_value_i_wanted() {
    // Write code here that turns the phrase above into concrete actions
    throw new io.cucumber.java.PendingException();
}

</failure>
  </testcase>
  <system-out><![CDATA[]]></system-out>
  <system-err><![CDATA[]]></system-err>
</testsuite>
